mongod --help for help and startup options
Mon Oct 24 00:49:27 [initandlisten] MongoDB starting : pid=11923 port=27017 dbpath=/data/db/ 64-bit host=dev-cure-platform
Mon Oct 24 00:49:27 [initandlisten] db version v2.0.1, pdfile version 4.5
Mon Oct 24 00:49:27 [initandlisten] git version: 3a5cf0e2134a830d38d2d1aae7e88cac31bdd684
Mon Oct 24 00:49:27 [initandlisten] build info: Linux bs-linux64.10gen.cc 2.6.21.7-2.ec2.v1.2.fc8xen #1 SMP Fri Nov 20 17:48:28 EST 2009 x86_64 BOOST_LIB_VERSION=1_41
Mon Oct 24 00:49:27 [initandlisten] options: {}
Mon Oct 24 00:49:27 [initandlisten] exception in initAndListen: 10296 dbpath (/data/db/) does not exist, terminating
Mon Oct 24 00:49:27 dbexit: 
Mon Oct 24 00:49:27 [initandlisten] shutdown: going to close listening sockets...
Mon Oct 24 00:49:27 [initandlisten] shutdown: going to flush diaglog...
Mon Oct 24 00:49:27 [initandlisten] shutdown: going to close sockets...
Mon Oct 24 00:49:27 [initandlisten] shutdown: waiting for fs preallocator...
Mon Oct 24 00:49:27 [initandlisten] shutdown: lock for final commit...
Mon Oct 24 00:49:27 [initandlisten] shutdown: final commit...
Mon Oct 24 00:49:27 [initandlisten] shutdown: closing all files...
Mon Oct 24 00:49:27 [initandlisten] closeAllFiles() finished
Mon Oct 24 00:49:27 dbexit: really exiting now
mongod --help for help and startup options
Mon Oct 24 00:50:00 [initandlisten] MongoDB starting : pid=11930 port=27017 dbpath=/data/db/ 64-bit host=dev-cure-platform
Mon Oct 24 00:50:00 [initandlisten] db version v2.0.1, pdfile version 4.5
Mon Oct 24 00:50:00 [initandlisten] git version: 3a5cf0e2134a830d38d2d1aae7e88cac31bdd684
Mon Oct 24 00:50:00 [initandlisten] build info: Linux bs-linux64.10gen.cc 2.6.21.7-2.ec2.v1.2.fc8xen #1 SMP Fri Nov 20 17:48:28 EST 2009 x86_64 BOOST_LIB_VERSION=1_41
Mon Oct 24 00:50:00 [initandlisten] options: {}
Mon Oct 24 00:50:00 [initandlisten] exception in initAndListen: 10296 dbpath (/data/db/) does not exist, terminating
Mon Oct 24 00:50:00 dbexit: 
Mon Oct 24 00:50:00 [initandlisten] shutdown: going to close listening sockets...
Mon Oct 24 00:50:00 [initandlisten] shutdown: going to flush diaglog...
Mon Oct 24 00:50:00 [initandlisten] shutdown: going to close sockets...
Mon Oct 24 00:50:00 [initandlisten] shutdown: waiting for fs preallocator...
Mon Oct 24 00:50:00 [initandlisten] shutdown: lock for final commit...
Mon Oct 24 00:50:00 [initandlisten] shutdown: final commit...
Mon Oct 24 00:50:00 [initandlisten] shutdown: closing all files...
Mon Oct 24 00:50:00 [initandlisten] closeAllFiles() finished
Mon Oct 24 00:50:00 dbexit: really exiting now
mongod --help for help and startup options
Mon Oct 24 00:50:04 [initandlisten] MongoDB starting : pid=11936 port=27017 dbpath=/data/db/ 64-bit host=dev-cure-platform
Mon Oct 24 00:50:04 [initandlisten] db version v2.0.1, pdfile version 4.5
Mon Oct 24 00:50:04 [initandlisten] git version: 3a5cf0e2134a830d38d2d1aae7e88cac31bdd684
Mon Oct 24 00:50:04 [initandlisten] build info: Linux bs-linux64.10gen.cc 2.6.21.7-2.ec2.v1.2.fc8xen #1 SMP Fri Nov 20 17:48:28 EST 2009 x86_64 BOOST_LIB_VERSION=1_41
Mon Oct 24 00:50:04 [initandlisten] options: {}
Mon Oct 24 00:50:04 [initandlisten] exception in initAndListen: 10296 dbpath (/data/db/) does not exist, terminating
Mon Oct 24 00:50:04 dbexit: 
Mon Oct 24 00:50:04 [initandlisten] shutdown: going to close listening sockets...
Mon Oct 24 00:50:04 [initandlisten] shutdown: going to flush diaglog...
Mon Oct 24 00:50:04 [initandlisten] shutdown: going to close sockets...
Mon Oct 24 00:50:04 [initandlisten] shutdown: waiting for fs preallocator...
Mon Oct 24 00:50:04 [initandlisten] shutdown: lock for final commit...
Mon Oct 24 00:50:04 [initandlisten] shutdown: final commit...
Mon Oct 24 00:50:04 [initandlisten] shutdown: closing all files...
Mon Oct 24 00:50:04 [initandlisten] closeAllFiles() finished
Mon Oct 24 00:50:04 dbexit: really exiting now
mongod --help for help and startup options
Mon Oct 24 00:50:23 [initandlisten] MongoDB starting : pid=11943 port=27017 dbpath=/data/db/ 64-bit host=dev-cure-platform
Mon Oct 24 00:50:23 [initandlisten] db version v2.0.1, pdfile version 4.5
Mon Oct 24 00:50:23 [initandlisten] git version: 3a5cf0e2134a830d38d2d1aae7e88cac31bdd684
Mon Oct 24 00:50:23 [initandlisten] build info: Linux bs-linux64.10gen.cc 2.6.21.7-2.ec2.v1.2.fc8xen #1 SMP Fri Nov 20 17:48:28 EST 2009 x86_64 BOOST_LIB_VERSION=1_41
Mon Oct 24 00:50:23 [initandlisten] options: {}
Mon Oct 24 00:50:23 [initandlisten] exception in initAndListen: 10296 dbpath (/data/db/) does not exist, terminating
Mon Oct 24 00:50:23 dbexit: 
Mon Oct 24 00:50:23 [initandlisten] shutdown: going to close listening sockets...
Mon Oct 24 00:50:23 [initandlisten] shutdown: going to flush diaglog...
Mon Oct 24 00:50:23 [initandlisten] shutdown: going to close sockets...
Mon Oct 24 00:50:23 [initandlisten] shutdown: waiting for fs preallocator...
Mon Oct 24 00:50:23 [initandlisten] shutdown: lock for final commit...
Mon Oct 24 00:50:23 [initandlisten] shutdown: final commit...
Mon Oct 24 00:50:23 [initandlisten] shutdown: closing all files...
Mon Oct 24 00:50:23 [initandlisten] closeAllFiles() finished
Mon Oct 24 00:50:23 dbexit: really exiting now
mongod --help for help and startup options
Mon Oct 24 00:58:33 [initandlisten] MongoDB starting : pid=11983 port=27017 dbpath=/data/db/ 64-bit host=dev-cure-platform
Mon Oct 24 00:58:33 [initandlisten] db version v2.0.1, pdfile version 4.5
Mon Oct 24 00:58:33 [initandlisten] git version: 3a5cf0e2134a830d38d2d1aae7e88cac31bdd684
Mon Oct 24 00:58:33 [initandlisten] build info: Linux bs-linux64.10gen.cc 2.6.21.7-2.ec2.v1.2.fc8xen #1 SMP Fri Nov 20 17:48:28 EST 2009 x86_64 BOOST_LIB_VERSION=1_41
Mon Oct 24 00:58:33 [initandlisten] options: {}
Mon Oct 24 00:58:33 [initandlisten] exception in initAndListen: 10296 dbpath (/data/db/) does not exist, terminating
Mon Oct 24 00:58:33 dbexit: 
Mon Oct 24 00:58:33 [initandlisten] shutdown: going to close listening sockets...
Mon Oct 24 00:58:33 [initandlisten] shutdown: going to flush diaglog...
Mon Oct 24 00:58:33 [initandlisten] shutdown: going to close sockets...
Mon Oct 24 00:58:33 [initandlisten] shutdown: waiting for fs preallocator...
Mon Oct 24 00:58:33 [initandlisten] shutdown: lock for final commit...
Mon Oct 24 00:58:33 [initandlisten] shutdown: final commit...
Mon Oct 24 00:58:33 [initandlisten] shutdown: closing all files...
Mon Oct 24 00:58:33 [initandlisten] closeAllFiles() finished
Mon Oct 24 00:58:33 dbexit: really exiting now
mongod --help for help and startup options
Mon Oct 24 01:01:29 [initandlisten] MongoDB starting : pid=11995 port=27017 dbpath=/data/db/ 64-bit host=dev-cure-platform
Mon Oct 24 01:01:29 [initandlisten] db version v2.0.1, pdfile version 4.5
Mon Oct 24 01:01:29 [initandlisten] git version: 3a5cf0e2134a830d38d2d1aae7e88cac31bdd684
Mon Oct 24 01:01:29 [initandlisten] build info: Linux bs-linux64.10gen.cc 2.6.21.7-2.ec2.v1.2.fc8xen #1 SMP Fri Nov 20 17:48:28 EST 2009 x86_64 BOOST_LIB_VERSION=1_41
Mon Oct 24 01:01:29 [initandlisten] options: {}
Mon Oct 24 01:01:29 [initandlisten] exception in initAndListen: 10296 dbpath (/data/db/) does not exist, terminating
Mon Oct 24 01:01:29 dbexit: 
Mon Oct 24 01:01:29 [initandlisten] shutdown: going to close listening sockets...
Mon Oct 24 01:01:29 [initandlisten] shutdown: going to flush diaglog...
Mon Oct 24 01:01:29 [initandlisten] shutdown: going to close sockets...
Mon Oct 24 01:01:29 [initandlisten] shutdown: waiting for fs preallocator...
Mon Oct 24 01:01:29 [initandlisten] shutdown: lock for final commit...
Mon Oct 24 01:01:29 [initandlisten] shutdown: final commit...
Mon Oct 24 01:01:29 [initandlisten] shutdown: closing all files...
Mon Oct 24 01:01:29 [initandlisten] closeAllFiles() finished
Mon Oct 24 01:01:29 dbexit: really exiting now
mongod --help for help and startup options
Mon Oct 24 01:04:51 [initandlisten] MongoDB starting : pid=12003 port=27017 dbpath=/data/db/ 64-bit host=dev-cure-platform
Mon Oct 24 01:04:51 [initandlisten] db version v2.0.1, pdfile version 4.5
Mon Oct 24 01:04:51 [initandlisten] git version: 3a5cf0e2134a830d38d2d1aae7e88cac31bdd684
Mon Oct 24 01:04:51 [initandlisten] build info: Linux bs-linux64.10gen.cc 2.6.21.7-2.ec2.v1.2.fc8xen #1 SMP Fri Nov 20 17:48:28 EST 2009 x86_64 BOOST_LIB_VERSION=1_41
Mon Oct 24 01:04:51 [initandlisten] options: {}
Mon Oct 24 01:04:51 [initandlisten] exception in initAndListen: 10296 dbpath (/data/db/) does not exist, terminating
Mon Oct 24 01:04:51 dbexit: 
Mon Oct 24 01:04:51 [initandlisten] shutdown: going to close listening sockets...
Mon Oct 24 01:04:51 [initandlisten] shutdown: going to flush diaglog...
Mon Oct 24 01:04:51 [initandlisten] shutdown: going to close sockets...
Mon Oct 24 01:04:51 [initandlisten] shutdown: waiting for fs preallocator...
Mon Oct 24 01:04:51 [initandlisten] shutdown: lock for final commit...
Mon Oct 24 01:04:51 [initandlisten] shutdown: final commit...
Mon Oct 24 01:04:51 [initandlisten] shutdown: closing all files...
Mon Oct 24 01:04:51 [initandlisten] closeAllFiles() finished
Mon Oct 24 01:04:51 dbexit: really exiting now
mongod --help for help and startup options
Mon Oct 24 01:05:24 [initandlisten] MongoDB starting : pid=12010 port=27017 dbpath=/data/db/ 64-bit host=dev-cure-platform
Mon Oct 24 01:05:24 [initandlisten] db version v2.0.1, pdfile version 4.5
Mon Oct 24 01:05:24 [initandlisten] git version: 3a5cf0e2134a830d38d2d1aae7e88cac31bdd684
Mon Oct 24 01:05:24 [initandlisten] build info: Linux bs-linux64.10gen.cc 2.6.21.7-2.ec2.v1.2.fc8xen #1 SMP Fri Nov 20 17:48:28 EST 2009 x86_64 BOOST_LIB_VERSION=1_41
Mon Oct 24 01:05:24 [initandlisten] options: {}
Mon Oct 24 01:05:24 [initandlisten] exception in initAndListen: 10296 dbpath (/data/db/) does not exist, terminating
Mon Oct 24 01:05:24 dbexit: 
Mon Oct 24 01:05:24 [initandlisten] shutdown: going to close listening sockets...
Mon Oct 24 01:05:24 [initandlisten] shutdown: going to flush diaglog...
Mon Oct 24 01:05:24 [initandlisten] shutdown: going to close sockets...
Mon Oct 24 01:05:24 [initandlisten] shutdown: waiting for fs preallocator...
Mon Oct 24 01:05:24 [initandlisten] shutdown: lock for final commit...
Mon Oct 24 01:05:24 [initandlisten] shutdown: final commit...
Mon Oct 24 01:05:24 [initandlisten] shutdown: closing all files...
Mon Oct 24 01:05:24 [initandlisten] closeAllFiles() finished
Mon Oct 24 01:05:24 dbexit: really exiting now
mongod --help for help and startup options
Mon Oct 24 01:06:11 [initandlisten] MongoDB starting : pid=12018 port=27017 dbpath=/data/db/ 64-bit host=dev-cure-platform
Mon Oct 24 01:06:11 [initandlisten] db version v2.0.1, pdfile version 4.5
Mon Oct 24 01:06:11 [initandlisten] git version: 3a5cf0e2134a830d38d2d1aae7e88cac31bdd684
Mon Oct 24 01:06:11 [initandlisten] build info: Linux bs-linux64.10gen.cc 2.6.21.7-2.ec2.v1.2.fc8xen #1 SMP Fri Nov 20 17:48:28 EST 2009 x86_64 BOOST_LIB_VERSION=1_41
Mon Oct 24 01:06:11 [initandlisten] options: {}
Mon Oct 24 01:06:11 [initandlisten] exception in initAndListen: 10296 dbpath (/data/db/) does not exist, terminating
Mon Oct 24 01:06:11 dbexit: 
Mon Oct 24 01:06:11 [initandlisten] shutdown: going to close listening sockets...
Mon Oct 24 01:06:11 [initandlisten] shutdown: going to flush diaglog...
Mon Oct 24 01:06:11 [initandlisten] shutdown: going to close sockets...
Mon Oct 24 01:06:11 [initandlisten] shutdown: waiting for fs preallocator...
Mon Oct 24 01:06:11 [initandlisten] shutdown: lock for final commit...
Mon Oct 24 01:06:11 [initandlisten] shutdown: final commit...
Mon Oct 24 01:06:11 [initandlisten] shutdown: closing all files...
Mon Oct 24 01:06:11 [initandlisten] closeAllFiles() finished
Mon Oct 24 01:06:11 dbexit: really exiting now
mongod --help for help and startup options
Mon Oct 24 01:07:08 [initandlisten] MongoDB starting : pid=12042 port=27017 dbpath=/data/db/ 64-bit host=dev-cure-platform
Mon Oct 24 01:07:08 [initandlisten] db version v2.0.1, pdfile version 4.5
Mon Oct 24 01:07:08 [initandlisten] git version: 3a5cf0e2134a830d38d2d1aae7e88cac31bdd684
Mon Oct 24 01:07:08 [initandlisten] build info: Linux bs-linux64.10gen.cc 2.6.21.7-2.ec2.v1.2.fc8xen #1 SMP Fri Nov 20 17:48:28 EST 2009 x86_64 BOOST_LIB_VERSION=1_41
Mon Oct 24 01:07:08 [initandlisten] options: {}
Mon Oct 24 01:07:08 [initandlisten] exception in initAndListen: 10296 dbpath (/data/db/) does not exist, terminating
Mon Oct 24 01:07:08 dbexit: 
Mon Oct 24 01:07:08 [initandlisten] shutdown: going to close listening sockets...
Mon Oct 24 01:07:08 [initandlisten] shutdown: going to flush diaglog...
Mon Oct 24 01:07:08 [initandlisten] shutdown: going to close sockets...
Mon Oct 24 01:07:08 [initandlisten] shutdown: waiting for fs preallocator...
Mon Oct 24 01:07:08 [initandlisten] shutdown: lock for final commit...
Mon Oct 24 01:07:08 [initandlisten] shutdown: final commit...
Mon Oct 24 01:07:08 [initandlisten] shutdown: closing all files...
Mon Oct 24 01:07:08 [initandlisten] closeAllFiles() finished
Mon Oct 24 01:07:08 dbexit: really exiting now
mongod --help for help and startup options
Mon Oct 24 01:16:39 [initandlisten] MongoDB starting : pid=12065 port=27017 dbpath=/data/db/ 64-bit host=dev-cure-platform
Mon Oct 24 01:16:39 [initandlisten] db version v2.0.1, pdfile version 4.5
Mon Oct 24 01:16:39 [initandlisten] git version: 3a5cf0e2134a830d38d2d1aae7e88cac31bdd684
Mon Oct 24 01:16:39 [initandlisten] build info: Linux bs-linux64.10gen.cc 2.6.21.7-2.ec2.v1.2.fc8xen #1 SMP Fri Nov 20 17:48:28 EST 2009 x86_64 BOOST_LIB_VERSION=1_41
Mon Oct 24 01:16:39 [initandlisten] options: {}
Mon Oct 24 01:16:39 [initandlisten] exception in initAndListen: 10296 dbpath (/data/db/) does not exist, terminating
Mon Oct 24 01:16:39 dbexit: 
Mon Oct 24 01:16:39 [initandlisten] shutdown: going to close listening sockets...
Mon Oct 24 01:16:39 [initandlisten] shutdown: going to flush diaglog...
Mon Oct 24 01:16:39 [initandlisten] shutdown: going to close sockets...
Mon Oct 24 01:16:39 [initandlisten] shutdown: waiting for fs preallocator...
Mon Oct 24 01:16:39 [initandlisten] shutdown: lock for final commit...
Mon Oct 24 01:16:39 [initandlisten] shutdown: final commit...
Mon Oct 24 01:16:39 [initandlisten] shutdown: closing all files...
Mon Oct 24 01:16:39 [initandlisten] closeAllFiles() finished
Mon Oct 24 01:16:39 dbexit: really exiting now
mongod --help for help and startup options
Mon Oct 24 01:17:36 [initandlisten] MongoDB starting : pid=12072 port=27017 dbpath=/data/db/ 64-bit host=dev-cure-platform
Mon Oct 24 01:17:36 [initandlisten] db version v2.0.1, pdfile version 4.5
Mon Oct 24 01:17:36 [initandlisten] git version: 3a5cf0e2134a830d38d2d1aae7e88cac31bdd684
Mon Oct 24 01:17:36 [initandlisten] build info: Linux bs-linux64.10gen.cc 2.6.21.7-2.ec2.v1.2.fc8xen #1 SMP Fri Nov 20 17:48:28 EST 2009 x86_64 BOOST_LIB_VERSION=1_41
Mon Oct 24 01:17:36 [initandlisten] options: {}
Mon Oct 24 01:17:36 [initandlisten] exception in initAndListen: 10296 dbpath (/data/db/) does not exist, terminating
Mon Oct 24 01:17:36 dbexit: 
Mon Oct 24 01:17:36 [initandlisten] shutdown: going to close listening sockets...
Mon Oct 24 01:17:36 [initandlisten] shutdown: going to flush diaglog...
Mon Oct 24 01:17:36 [initandlisten] shutdown: going to close sockets...
Mon Oct 24 01:17:36 [initandlisten] shutdown: waiting for fs preallocator...
Mon Oct 24 01:17:36 [initandlisten] shutdown: lock for final commit...
Mon Oct 24 01:17:36 [initandlisten] shutdown: final commit...
Mon Oct 24 01:17:36 [initandlisten] shutdown: closing all files...
Mon Oct 24 01:17:36 [initandlisten] closeAllFiles() finished
Mon Oct 24 01:17:36 dbexit: really exiting now
mongod --help for help and startup options
Mon Oct 24 01:18:01 [initandlisten] MongoDB starting : pid=12079 port=27017 dbpath=/data/db/ 64-bit host=dev-cure-platform
Mon Oct 24 01:18:01 [initandlisten] db version v2.0.1, pdfile version 4.5
Mon Oct 24 01:18:01 [initandlisten] git version: 3a5cf0e2134a830d38d2d1aae7e88cac31bdd684
Mon Oct 24 01:18:01 [initandlisten] build info: Linux bs-linux64.10gen.cc 2.6.21.7-2.ec2.v1.2.fc8xen #1 SMP Fri Nov 20 17:48:28 EST 2009 x86_64 BOOST_LIB_VERSION=1_41
Mon Oct 24 01:18:01 [initandlisten] options: {}
Mon Oct 24 01:18:01 [initandlisten] exception in initAndListen: 10296 dbpath (/data/db/) does not exist, terminating
Mon Oct 24 01:18:01 dbexit: 
Mon Oct 24 01:18:01 [initandlisten] shutdown: going to close listening sockets...
Mon Oct 24 01:18:01 [initandlisten] shutdown: going to flush diaglog...
Mon Oct 24 01:18:01 [initandlisten] shutdown: going to close sockets...
Mon Oct 24 01:18:01 [initandlisten] shutdown: waiting for fs preallocator...
Mon Oct 24 01:18:01 [initandlisten] shutdown: lock for final commit...
Mon Oct 24 01:18:01 [initandlisten] shutdown: final commit...
Mon Oct 24 01:18:01 [initandlisten] shutdown: closing all files...
Mon Oct 24 01:18:01 [initandlisten] closeAllFiles() finished
Mon Oct 24 01:18:01 dbexit: really exiting now
mongod --help for help and startup options
Mon Oct 24 01:18:04 [initandlisten] MongoDB starting : pid=12085 port=27017 dbpath=/data/db/ 64-bit host=dev-cure-platform
Mon Oct 24 01:18:04 [initandlisten] db version v2.0.1, pdfile version 4.5
Mon Oct 24 01:18:04 [initandlisten] git version: 3a5cf0e2134a830d38d2d1aae7e88cac31bdd684
Mon Oct 24 01:18:04 [initandlisten] build info: Linux bs-linux64.10gen.cc 2.6.21.7-2.ec2.v1.2.fc8xen #1 SMP Fri Nov 20 17:48:28 EST 2009 x86_64 BOOST_LIB_VERSION=1_41
Mon Oct 24 01:18:04 [initandlisten] options: {}
Mon Oct 24 01:18:04 [initandlisten] exception in initAndListen: 10296 dbpath (/data/db/) does not exist, terminating
Mon Oct 24 01:18:04 dbexit: 
Mon Oct 24 01:18:04 [initandlisten] shutdown: going to close listening sockets...
Mon Oct 24 01:18:04 [initandlisten] shutdown: going to flush diaglog...
Mon Oct 24 01:18:04 [initandlisten] shutdown: going to close sockets...
Mon Oct 24 01:18:04 [initandlisten] shutdown: waiting for fs preallocator...
Mon Oct 24 01:18:04 [initandlisten] shutdown: lock for final commit...
Mon Oct 24 01:18:04 [initandlisten] shutdown: final commit...
Mon Oct 24 01:18:04 [initandlisten] shutdown: closing all files...
Mon Oct 24 01:18:04 [initandlisten] closeAllFiles() finished
Mon Oct 24 01:18:04 dbexit: really exiting now
mongod --help for help and startup options
Mon Oct 24 01:18:17 [initandlisten] MongoDB starting : pid=12092 port=27017 dbpath=/data/db/ 64-bit host=dev-cure-platform
Mon Oct 24 01:18:17 [initandlisten] db version v2.0.1, pdfile version 4.5
Mon Oct 24 01:18:17 [initandlisten] git version: 3a5cf0e2134a830d38d2d1aae7e88cac31bdd684
Mon Oct 24 01:18:17 [initandlisten] build info: Linux bs-linux64.10gen.cc 2.6.21.7-2.ec2.v1.2.fc8xen #1 SMP Fri Nov 20 17:48:28 EST 2009 x86_64 BOOST_LIB_VERSION=1_41
Mon Oct 24 01:18:17 [initandlisten] options: {}
Mon Oct 24 01:18:17 [initandlisten] exception in initAndListen: 10296 dbpath (/data/db/) does not exist, terminating
Mon Oct 24 01:18:17 dbexit: 
Mon Oct 24 01:18:17 [initandlisten] shutdown: going to close listening sockets...
Mon Oct 24 01:18:17 [initandlisten] shutdown: going to flush diaglog...
Mon Oct 24 01:18:17 [initandlisten] shutdown: going to close sockets...
Mon Oct 24 01:18:17 [initandlisten] shutdown: waiting for fs preallocator...
Mon Oct 24 01:18:17 [initandlisten] shutdown: lock for final commit...
Mon Oct 24 01:18:17 [initandlisten] shutdown: final commit...
Mon Oct 24 01:18:17 [initandlisten] shutdown: closing all files...
Mon Oct 24 01:18:17 [initandlisten] closeAllFiles() finished
Mon Oct 24 01:18:17 dbexit: really exiting now
mongod --help for help and startup options
Mon Oct 24 01:20:43 [initandlisten] MongoDB starting : pid=12103 port=27017 dbpath=/data/db/ 64-bit host=dev-cure-platform
Mon Oct 24 01:20:43 [initandlisten] db version v2.0.1, pdfile version 4.5
Mon Oct 24 01:20:43 [initandlisten] git version: 3a5cf0e2134a830d38d2d1aae7e88cac31bdd684
Mon Oct 24 01:20:43 [initandlisten] build info: Linux bs-linux64.10gen.cc 2.6.21.7-2.ec2.v1.2.fc8xen #1 SMP Fri Nov 20 17:48:28 EST 2009 x86_64 BOOST_LIB_VERSION=1_41
Mon Oct 24 01:20:43 [initandlisten] options: {}
Mon Oct 24 01:20:43 [initandlisten] exception in initAndListen: 10296 dbpath (/data/db/) does not exist, terminating
Mon Oct 24 01:20:43 dbexit: 
Mon Oct 24 01:20:43 [initandlisten] shutdown: going to close listening sockets...
Mon Oct 24 01:20:43 [initandlisten] shutdown: going to flush diaglog...
Mon Oct 24 01:20:43 [initandlisten] shutdown: going to close sockets...
Mon Oct 24 01:20:43 [initandlisten] shutdown: waiting for fs preallocator...
Mon Oct 24 01:20:43 [initandlisten] shutdown: lock for final commit...
Mon Oct 24 01:20:43 [initandlisten] shutdown: final commit...
Mon Oct 24 01:20:43 [initandlisten] shutdown: closing all files...
Mon Oct 24 01:20:43 [initandlisten] closeAllFiles() finished
Mon Oct 24 01:20:43 dbexit: really exiting now
mongod --help for help and startup options
Mon Oct 24 01:22:05 [initandlisten] MongoDB starting : pid=12117 port=27017 dbpath=/data/db/ 64-bit host=dev-cure-platform
Mon Oct 24 01:22:05 [initandlisten] db version v2.0.1, pdfile version 4.5
Mon Oct 24 01:22:05 [initandlisten] git version: 3a5cf0e2134a830d38d2d1aae7e88cac31bdd684
Mon Oct 24 01:22:05 [initandlisten] build info: Linux bs-linux64.10gen.cc 2.6.21.7-2.ec2.v1.2.fc8xen #1 SMP Fri Nov 20 17:48:28 EST 2009 x86_64 BOOST_LIB_VERSION=1_41
Mon Oct 24 01:22:05 [initandlisten] options: {}
Mon Oct 24 01:22:05 [initandlisten] exception in initAndListen: 10296 dbpath (/data/db/) does not exist, terminating
Mon Oct 24 01:22:05 dbexit: 
Mon Oct 24 01:22:05 [initandlisten] shutdown: going to close listening sockets...
Mon Oct 24 01:22:05 [initandlisten] shutdown: going to flush diaglog...
Mon Oct 24 01:22:05 [initandlisten] shutdown: going to close sockets...
Mon Oct 24 01:22:05 [initandlisten] shutdown: waiting for fs preallocator...
Mon Oct 24 01:22:05 [initandlisten] shutdown: lock for final commit...
Mon Oct 24 01:22:05 [initandlisten] shutdown: final commit...
Mon Oct 24 01:22:05 [initandlisten] shutdown: closing all files...
Mon Oct 24 01:22:05 [initandlisten] closeAllFiles() finished
Mon Oct 24 01:22:05 dbexit: really exiting now
mongod --help for help and startup options
Mon Oct 24 03:59:33 [initandlisten] MongoDB starting : pid=12262 port=27017 dbpath=/data/db/ 64-bit host=dev-cure-platform
Mon Oct 24 03:59:33 [initandlisten] db version v2.0.1, pdfile version 4.5
Mon Oct 24 03:59:33 [initandlisten] git version: 3a5cf0e2134a830d38d2d1aae7e88cac31bdd684
Mon Oct 24 03:59:33 [initandlisten] build info: Linux bs-linux64.10gen.cc 2.6.21.7-2.ec2.v1.2.fc8xen #1 SMP Fri Nov 20 17:48:28 EST 2009 x86_64 BOOST_LIB_VERSION=1_41
Mon Oct 24 03:59:33 [initandlisten] options: {}
Mon Oct 24 03:59:33 [initandlisten] exception in initAndListen: 10296 dbpath (/data/db/) does not exist, terminating
Mon Oct 24 03:59:33 dbexit: 
Mon Oct 24 03:59:33 [initandlisten] shutdown: going to close listening sockets...
Mon Oct 24 03:59:33 [initandlisten] shutdown: going to flush diaglog...
Mon Oct 24 03:59:33 [initandlisten] shutdown: going to close sockets...
Mon Oct 24 03:59:33 [initandlisten] shutdown: waiting for fs preallocator...
Mon Oct 24 03:59:33 [initandlisten] shutdown: lock for final commit...
Mon Oct 24 03:59:33 [initandlisten] shutdown: final commit...
Mon Oct 24 03:59:33 [initandlisten] shutdown: closing all files...
Mon Oct 24 03:59:33 [initandlisten] closeAllFiles() finished
Mon Oct 24 03:59:33 dbexit: really exiting now
mongod --help for help and startup options
Mon Oct 24 04:03:30 [initandlisten] MongoDB starting : pid=12306 port=27017 dbpath=/data/db/ 64-bit host=dev-cure-platform
Mon Oct 24 04:03:30 [initandlisten] db version v2.0.1, pdfile version 4.5
Mon Oct 24 04:03:30 [initandlisten] git version: 3a5cf0e2134a830d38d2d1aae7e88cac31bdd684
Mon Oct 24 04:03:30 [initandlisten] build info: Linux bs-linux64.10gen.cc 2.6.21.7-2.ec2.v1.2.fc8xen #1 SMP Fri Nov 20 17:48:28 EST 2009 x86_64 BOOST_LIB_VERSION=1_41
Mon Oct 24 04:03:30 [initandlisten] options: {}
Mon Oct 24 04:03:30 [initandlisten] exception in initAndListen: 10296 dbpath (/data/db/) does not exist, terminating
Mon Oct 24 04:03:30 dbexit: 
Mon Oct 24 04:03:30 [initandlisten] shutdown: going to close listening sockets...
Mon Oct 24 04:03:30 [initandlisten] shutdown: going to flush diaglog...
Mon Oct 24 04:03:30 [initandlisten] shutdown: going to close sockets...
Mon Oct 24 04:03:30 [initandlisten] shutdown: waiting for fs preallocator...
Mon Oct 24 04:03:30 [initandlisten] shutdown: lock for final commit...
Mon Oct 24 04:03:30 [initandlisten] shutdown: final commit...
Mon Oct 24 04:03:30 [initandlisten] shutdown: closing all files...
Mon Oct 24 04:03:30 [initandlisten] closeAllFiles() finished
Mon Oct 24 04:03:30 dbexit: really exiting now
mongod --help for help and startup options
Mon Oct 24 04:04:29 [initandlisten] MongoDB starting : pid=12319 port=27017 dbpath=/data/db/ 64-bit host=dev-cure-platform
Mon Oct 24 04:04:29 [initandlisten] db version v2.0.1, pdfile version 4.5
Mon Oct 24 04:04:29 [initandlisten] git version: 3a5cf0e2134a830d38d2d1aae7e88cac31bdd684
Mon Oct 24 04:04:29 [initandlisten] build info: Linux bs-linux64.10gen.cc 2.6.21.7-2.ec2.v1.2.fc8xen #1 SMP Fri Nov 20 17:48:28 EST 2009 x86_64 BOOST_LIB_VERSION=1_41
Mon Oct 24 04:04:29 [initandlisten] options: {}
Mon Oct 24 04:04:29 [initandlisten] exception in initAndListen: 10296 dbpath (/data/db/) does not exist, terminating
Mon Oct 24 04:04:29 dbexit: 
Mon Oct 24 04:04:29 [initandlisten] shutdown: going to close listening sockets...
Mon Oct 24 04:04:29 [initandlisten] shutdown: going to flush diaglog...
Mon Oct 24 04:04:29 [initandlisten] shutdown: going to close sockets...
Mon Oct 24 04:04:29 [initandlisten] shutdown: waiting for fs preallocator...
Mon Oct 24 04:04:29 [initandlisten] shutdown: lock for final commit...
Mon Oct 24 04:04:29 [initandlisten] shutdown: final commit...
Mon Oct 24 04:04:29 [initandlisten] shutdown: closing all files...
Mon Oct 24 04:04:29 [initandlisten] closeAllFiles() finished
Mon Oct 24 04:04:29 dbexit: really exiting now
mongod --help for help and startup options
Mon Oct 24 04:08:27 [initandlisten] MongoDB starting : pid=12334 port=27017 dbpath=/data/db/ 64-bit host=dev-cure-platform
Mon Oct 24 04:08:27 [initandlisten] db version v2.0.1, pdfile version 4.5
Mon Oct 24 04:08:27 [initandlisten] git version: 3a5cf0e2134a830d38d2d1aae7e88cac31bdd684
Mon Oct 24 04:08:27 [initandlisten] build info: Linux bs-linux64.10gen.cc 2.6.21.7-2.ec2.v1.2.fc8xen #1 SMP Fri Nov 20 17:48:28 EST 2009 x86_64 BOOST_LIB_VERSION=1_41
Mon Oct 24 04:08:27 [initandlisten] options: {}
Mon Oct 24 04:08:27 [initandlisten] exception in initAndListen: 10296 dbpath (/data/db/) does not exist, terminating
Mon Oct 24 04:08:27 dbexit: 
Mon Oct 24 04:08:27 [initandlisten] shutdown: going to close listening sockets...
Mon Oct 24 04:08:27 [initandlisten] shutdown: going to flush diaglog...
Mon Oct 24 04:08:27 [initandlisten] shutdown: going to close sockets...
Mon Oct 24 04:08:27 [initandlisten] shutdown: waiting for fs preallocator...
Mon Oct 24 04:08:27 [initandlisten] shutdown: lock for final commit...
Mon Oct 24 04:08:27 [initandlisten] shutdown: final commit...
Mon Oct 24 04:08:27 [initandlisten] shutdown: closing all files...
Mon Oct 24 04:08:27 [initandlisten] closeAllFiles() finished
Mon Oct 24 04:08:27 dbexit: really exiting now
mongod --help for help and startup options
Mon Oct 24 06:45:57 [initandlisten] MongoDB starting : pid=12361 port=27017 dbpath=/data/db/ 64-bit host=dev-cure-platform
Mon Oct 24 06:45:57 [initandlisten] db version v2.0.1, pdfile version 4.5
Mon Oct 24 06:45:57 [initandlisten] git version: 3a5cf0e2134a830d38d2d1aae7e88cac31bdd684
Mon Oct 24 06:45:57 [initandlisten] build info: Linux bs-linux64.10gen.cc 2.6.21.7-2.ec2.v1.2.fc8xen #1 SMP Fri Nov 20 17:48:28 EST 2009 x86_64 BOOST_LIB_VERSION=1_41
Mon Oct 24 06:45:57 [initandlisten] options: {}
Mon Oct 24 06:45:57 [initandlisten] exception in initAndListen: 10296 dbpath (/data/db/) does not exist, terminating
Mon Oct 24 06:45:57 dbexit: 
Mon Oct 24 06:45:57 [initandlisten] shutdown: going to close listening sockets...
Mon Oct 24 06:45:57 [initandlisten] shutdown: going to flush diaglog...
Mon Oct 24 06:45:57 [initandlisten] shutdown: going to close sockets...
Mon Oct 24 06:45:57 [initandlisten] shutdown: waiting for fs preallocator...
Mon Oct 24 06:45:57 [initandlisten] shutdown: lock for final commit...
Mon Oct 24 06:45:57 [initandlisten] shutdown: final commit...
Mon Oct 24 06:45:57 [initandlisten] shutdown: closing all files...
Mon Oct 24 06:45:57 [initandlisten] closeAllFiles() finished
Mon Oct 24 06:45:57 dbexit: really exiting now
mongod --help for help and startup options
Mon Oct 24 06:46:24 [initandlisten] MongoDB starting : pid=12369 port=27017 dbpath=/data/db/ 64-bit host=dev-cure-platform
Mon Oct 24 06:46:24 [initandlisten] db version v2.0.1, pdfile version 4.5
Mon Oct 24 06:46:24 [initandlisten] git version: 3a5cf0e2134a830d38d2d1aae7e88cac31bdd684
Mon Oct 24 06:46:24 [initandlisten] build info: Linux bs-linux64.10gen.cc 2.6.21.7-2.ec2.v1.2.fc8xen #1 SMP Fri Nov 20 17:48:28 EST 2009 x86_64 BOOST_LIB_VERSION=1_41
Mon Oct 24 06:46:24 [initandlisten] options: {}
Mon Oct 24 06:46:24 [initandlisten] exception in initAndListen: 10296 dbpath (/data/db/) does not exist, terminating
Mon Oct 24 06:46:24 dbexit: 
Mon Oct 24 06:46:24 [initandlisten] shutdown: going to close listening sockets...
Mon Oct 24 06:46:24 [initandlisten] shutdown: going to flush diaglog...
Mon Oct 24 06:46:24 [initandlisten] shutdown: going to close sockets...
Mon Oct 24 06:46:24 [initandlisten] shutdown: waiting for fs preallocator...
Mon Oct 24 06:46:24 [initandlisten] shutdown: lock for final commit...
Mon Oct 24 06:46:24 [initandlisten] shutdown: final commit...
Mon Oct 24 06:46:24 [initandlisten] shutdown: closing all files...
Mon Oct 24 06:46:24 [initandlisten] closeAllFiles() finished
Mon Oct 24 06:46:24 dbexit: really exiting now
mongod --help for help and startup options
Tue Oct 25 20:17:28 [initandlisten] MongoDB starting : pid=12933 port=27017 dbpath=/data/db/ 64-bit host=dev-cure-platform
Tue Oct 25 20:17:28 [initandlisten] db version v2.0.1, pdfile version 4.5
Tue Oct 25 20:17:28 [initandlisten] git version: 3a5cf0e2134a830d38d2d1aae7e88cac31bdd684
Tue Oct 25 20:17:28 [initandlisten] build info: Linux bs-linux64.10gen.cc 2.6.21.7-2.ec2.v1.2.fc8xen #1 SMP Fri Nov 20 17:48:28 EST 2009 x86_64 BOOST_LIB_VERSION=1_41
Tue Oct 25 20:17:28 [initandlisten] options: {}
Tue Oct 25 20:17:28 [initandlisten] exception in initAndListen: 10296 dbpath (/data/db/) does not exist, terminating
Tue Oct 25 20:17:28 dbexit: 
Tue Oct 25 20:17:28 [initandlisten] shutdown: going to close listening sockets...
Tue Oct 25 20:17:28 [initandlisten] shutdown: going to flush diaglog...
Tue Oct 25 20:17:28 [initandlisten] shutdown: going to close sockets...
Tue Oct 25 20:17:28 [initandlisten] shutdown: waiting for fs preallocator...
Tue Oct 25 20:17:28 [initandlisten] shutdown: lock for final commit...
Tue Oct 25 20:17:28 [initandlisten] shutdown: final commit...
Tue Oct 25 20:17:28 [initandlisten] shutdown: closing all files...
Tue Oct 25 20:17:28 [initandlisten] closeAllFiles() finished
Tue Oct 25 20:17:28 dbexit: really exiting now
mongod --help for help and startup options
Wed Oct 26 23:22:17 [initandlisten] MongoDB starting : pid=14483 port=27017 dbpath=/data/db/ 64-bit host=dev-cure-platform
Wed Oct 26 23:22:17 [initandlisten] db version v2.0.1, pdfile version 4.5
Wed Oct 26 23:22:17 [initandlisten] git version: 3a5cf0e2134a830d38d2d1aae7e88cac31bdd684
Wed Oct 26 23:22:17 [initandlisten] build info: Linux bs-linux64.10gen.cc 2.6.21.7-2.ec2.v1.2.fc8xen #1 SMP Fri Nov 20 17:48:28 EST 2009 x86_64 BOOST_LIB_VERSION=1_41
Wed Oct 26 23:22:17 [initandlisten] options: {}
Wed Oct 26 23:22:17 [initandlisten] exception in initAndListen: 10296 dbpath (/data/db/) does not exist, terminating
Wed Oct 26 23:22:17 dbexit: 
Wed Oct 26 23:22:17 [initandlisten] shutdown: going to close listening sockets...
Wed Oct 26 23:22:17 [initandlisten] shutdown: going to flush diaglog...
Wed Oct 26 23:22:17 [initandlisten] shutdown: going to close sockets...
Wed Oct 26 23:22:17 [initandlisten] shutdown: waiting for fs preallocator...
Wed Oct 26 23:22:17 [initandlisten] shutdown: lock for final commit...
Wed Oct 26 23:22:17 [initandlisten] shutdown: final commit...
Wed Oct 26 23:22:17 [initandlisten] shutdown: closing all files...
Wed Oct 26 23:22:17 [initandlisten] closeAllFiles() finished
Wed Oct 26 23:22:17 dbexit: really exiting now
mongod --help for help and startup options
Wed Oct 26 23:22:26 [initandlisten] MongoDB starting : pid=14495 port=27017 dbpath=/data/db/ 64-bit host=dev-cure-platform
Wed Oct 26 23:22:26 [initandlisten] db version v2.0.1, pdfile version 4.5
Wed Oct 26 23:22:26 [initandlisten] git version: 3a5cf0e2134a830d38d2d1aae7e88cac31bdd684
Wed Oct 26 23:22:26 [initandlisten] build info: Linux bs-linux64.10gen.cc 2.6.21.7-2.ec2.v1.2.fc8xen #1 SMP Fri Nov 20 17:48:28 EST 2009 x86_64 BOOST_LIB_VERSION=1_41
Wed Oct 26 23:22:26 [initandlisten] options: {}
Wed Oct 26 23:22:26 [initandlisten] exception in initAndListen: 10296 dbpath (/data/db/) does not exist, terminating
Wed Oct 26 23:22:26 dbexit: 
Wed Oct 26 23:22:26 [initandlisten] shutdown: going to close listening sockets...
Wed Oct 26 23:22:26 [initandlisten] shutdown: going to flush diaglog...
Wed Oct 26 23:22:26 [initandlisten] shutdown: going to close sockets...
Wed Oct 26 23:22:26 [initandlisten] shutdown: waiting for fs preallocator...
Wed Oct 26 23:22:26 [initandlisten] shutdown: lock for final commit...
Wed Oct 26 23:22:26 [initandlisten] shutdown: final commit...
Wed Oct 26 23:22:26 [initandlisten] shutdown: closing all files...
Wed Oct 26 23:22:26 [initandlisten] closeAllFiles() finished
Wed Oct 26 23:22:26 dbexit: really exiting now
mongod --help for help and startup options
Wed Oct 26 23:29:20 [initandlisten] MongoDB starting : pid=14526 port=27017 dbpath=/data/db/ 64-bit host=dev-cure-platform
Wed Oct 26 23:29:20 [initandlisten] db version v2.0.1, pdfile version 4.5
Wed Oct 26 23:29:20 [initandlisten] git version: 3a5cf0e2134a830d38d2d1aae7e88cac31bdd684
Wed Oct 26 23:29:20 [initandlisten] build info: Linux bs-linux64.10gen.cc 2.6.21.7-2.ec2.v1.2.fc8xen #1 SMP Fri Nov 20 17:48:28 EST 2009 x86_64 BOOST_LIB_VERSION=1_41
Wed Oct 26 23:29:20 [initandlisten] options: {}
Wed Oct 26 23:29:20 [initandlisten] exception in initAndListen: 10296 dbpath (/data/db/) does not exist, terminating
Wed Oct 26 23:29:20 dbexit: 
Wed Oct 26 23:29:20 [initandlisten] shutdown: going to close listening sockets...
Wed Oct 26 23:29:20 [initandlisten] shutdown: going to flush diaglog...
Wed Oct 26 23:29:20 [initandlisten] shutdown: going to close sockets...
Wed Oct 26 23:29:20 [initandlisten] shutdown: waiting for fs preallocator...
Wed Oct 26 23:29:20 [initandlisten] shutdown: lock for final commit...
Wed Oct 26 23:29:20 [initandlisten] shutdown: final commit...
Wed Oct 26 23:29:20 [initandlisten] shutdown: closing all files...
Wed Oct 26 23:29:20 [initandlisten] closeAllFiles() finished
Wed Oct 26 23:29:20 dbexit: really exiting now
mongod --help for help and startup options
Wed Oct 26 23:30:21 [initandlisten] MongoDB starting : pid=14539 port=27017 dbpath=/data/db/ 64-bit host=dev-cure-platform
Wed Oct 26 23:30:21 [initandlisten] db version v2.0.1, pdfile version 4.5
Wed Oct 26 23:30:21 [initandlisten] git version: 3a5cf0e2134a830d38d2d1aae7e88cac31bdd684
Wed Oct 26 23:30:21 [initandlisten] build info: Linux bs-linux64.10gen.cc 2.6.21.7-2.ec2.v1.2.fc8xen #1 SMP Fri Nov 20 17:48:28 EST 2009 x86_64 BOOST_LIB_VERSION=1_41
Wed Oct 26 23:30:21 [initandlisten] options: {}
Wed Oct 26 23:30:21 [initandlisten] exception in initAndListen: 10296 dbpath (/data/db/) does not exist, terminating
Wed Oct 26 23:30:21 dbexit: 
Wed Oct 26 23:30:21 [initandlisten] shutdown: going to close listening sockets...
Wed Oct 26 23:30:21 [initandlisten] shutdown: going to flush diaglog...
Wed Oct 26 23:30:21 [initandlisten] shutdown: going to close sockets...
Wed Oct 26 23:30:21 [initandlisten] shutdown: waiting for fs preallocator...
Wed Oct 26 23:30:21 [initandlisten] shutdown: lock for final commit...
Wed Oct 26 23:30:21 [initandlisten] shutdown: final commit...
Wed Oct 26 23:30:21 [initandlisten] shutdown: closing all files...
Wed Oct 26 23:30:21 [initandlisten] closeAllFiles() finished
Wed Oct 26 23:30:21 dbexit: really exiting now
mongod --help for help and startup options
Wed Oct 26 23:30:29 [initandlisten] MongoDB starting : pid=14554 port=27017 dbpath=/data/db/ 64-bit host=dev-cure-platform
Wed Oct 26 23:30:29 [initandlisten] db version v2.0.1, pdfile version 4.5
Wed Oct 26 23:30:29 [initandlisten] git version: 3a5cf0e2134a830d38d2d1aae7e88cac31bdd684
Wed Oct 26 23:30:29 [initandlisten] build info: Linux bs-linux64.10gen.cc 2.6.21.7-2.ec2.v1.2.fc8xen #1 SMP Fri Nov 20 17:48:28 EST 2009 x86_64 BOOST_LIB_VERSION=1_41
Wed Oct 26 23:30:29 [initandlisten] options: {}
Wed Oct 26 23:30:29 [initandlisten] exception in initAndListen: 10296 dbpath (/data/db/) does not exist, terminating
Wed Oct 26 23:30:29 dbexit: 
Wed Oct 26 23:30:29 [initandlisten] shutdown: going to close listening sockets...
Wed Oct 26 23:30:29 [initandlisten] shutdown: going to flush diaglog...
Wed Oct 26 23:30:29 [initandlisten] shutdown: going to close sockets...
Wed Oct 26 23:30:29 [initandlisten] shutdown: waiting for fs preallocator...
Wed Oct 26 23:30:29 [initandlisten] shutdown: lock for final commit...
Wed Oct 26 23:30:29 [initandlisten] shutdown: final commit...
Wed Oct 26 23:30:29 [initandlisten] shutdown: closing all files...
Wed Oct 26 23:30:29 [initandlisten] closeAllFiles() finished
Wed Oct 26 23:30:29 dbexit: really exiting now
mongod --help for help and startup options
Thu Oct 27 00:26:26 [initandlisten] MongoDB starting : pid=14614 port=27017 dbpath=/data/db/ 64-bit host=dev-cure-platform
Thu Oct 27 00:26:26 [initandlisten] db version v2.0.1, pdfile version 4.5
Thu Oct 27 00:26:26 [initandlisten] git version: 3a5cf0e2134a830d38d2d1aae7e88cac31bdd684
Thu Oct 27 00:26:26 [initandlisten] build info: Linux bs-linux64.10gen.cc 2.6.21.7-2.ec2.v1.2.fc8xen #1 SMP Fri Nov 20 17:48:28 EST 2009 x86_64 BOOST_LIB_VERSION=1_41
Thu Oct 27 00:26:26 [initandlisten] options: {}
Thu Oct 27 00:26:26 [initandlisten] exception in initAndListen: 10296 dbpath (/data/db/) does not exist, terminating
Thu Oct 27 00:26:26 dbexit: 
Thu Oct 27 00:26:26 [initandlisten] shutdown: going to close listening sockets...
Thu Oct 27 00:26:26 [initandlisten] shutdown: going to flush diaglog...
Thu Oct 27 00:26:26 [initandlisten] shutdown: going to close sockets...
Thu Oct 27 00:26:26 [initandlisten] shutdown: waiting for fs preallocator...
Thu Oct 27 00:26:26 [initandlisten] shutdown: lock for final commit...
Thu Oct 27 00:26:26 [initandlisten] shutdown: final commit...
Thu Oct 27 00:26:26 [initandlisten] shutdown: closing all files...
Thu Oct 27 00:26:26 [initandlisten] closeAllFiles() finished
Thu Oct 27 00:26:26 dbexit: really exiting now
mongod --help for help and startup options
Thu Oct 27 00:27:38 [initandlisten] MongoDB starting : pid=14634 port=27017 dbpath=/data/db/ 64-bit host=dev-cure-platform
Thu Oct 27 00:27:38 [initandlisten] db version v2.0.1, pdfile version 4.5
Thu Oct 27 00:27:38 [initandlisten] git version: 3a5cf0e2134a830d38d2d1aae7e88cac31bdd684
Thu Oct 27 00:27:38 [initandlisten] build info: Linux bs-linux64.10gen.cc 2.6.21.7-2.ec2.v1.2.fc8xen #1 SMP Fri Nov 20 17:48:28 EST 2009 x86_64 BOOST_LIB_VERSION=1_41
Thu Oct 27 00:27:38 [initandlisten] options: {}
Thu Oct 27 00:27:38 [initandlisten] exception in initAndListen: 10296 dbpath (/data/db/) does not exist, terminating
Thu Oct 27 00:27:38 dbexit: 
Thu Oct 27 00:27:38 [initandlisten] shutdown: going to close listening sockets...
Thu Oct 27 00:27:38 [initandlisten] shutdown: going to flush diaglog...
Thu Oct 27 00:27:38 [initandlisten] shutdown: going to close sockets...
Thu Oct 27 00:27:38 [initandlisten] shutdown: waiting for fs preallocator...
Thu Oct 27 00:27:38 [initandlisten] shutdown: lock for final commit...
Thu Oct 27 00:27:38 [initandlisten] shutdown: final commit...
Thu Oct 27 00:27:38 [initandlisten] shutdown: closing all files...
Thu Oct 27 00:27:38 [initandlisten] closeAllFiles() finished
Thu Oct 27 00:27:38 dbexit: really exiting now
mongod --help for help and startup options
Thu Oct 27 00:33:21 [initandlisten] MongoDB starting : pid=14680 port=27017 dbpath=/data/db/ 64-bit host=dev-cure-platform
Thu Oct 27 00:33:21 [initandlisten] db version v2.0.1, pdfile version 4.5
Thu Oct 27 00:33:21 [initandlisten] git version: 3a5cf0e2134a830d38d2d1aae7e88cac31bdd684
Thu Oct 27 00:33:21 [initandlisten] build info: Linux bs-linux64.10gen.cc 2.6.21.7-2.ec2.v1.2.fc8xen #1 SMP Fri Nov 20 17:48:28 EST 2009 x86_64 BOOST_LIB_VERSION=1_41
Thu Oct 27 00:33:21 [initandlisten] options: {}
Thu Oct 27 00:33:21 [initandlisten] exception in initAndListen: 10296 dbpath (/data/db/) does not exist, terminating
Thu Oct 27 00:33:21 dbexit: 
Thu Oct 27 00:33:21 [initandlisten] shutdown: going to close listening sockets...
Thu Oct 27 00:33:21 [initandlisten] shutdown: going to flush diaglog...
Thu Oct 27 00:33:21 [initandlisten] shutdown: going to close sockets...
Thu Oct 27 00:33:21 [initandlisten] shutdown: waiting for fs preallocator...
Thu Oct 27 00:33:21 [initandlisten] shutdown: lock for final commit...
Thu Oct 27 00:33:21 [initandlisten] shutdown: final commit...
Thu Oct 27 00:33:21 [initandlisten] shutdown: closing all files...
Thu Oct 27 00:33:21 [initandlisten] closeAllFiles() finished
Thu Oct 27 00:33:21 dbexit: really exiting now
mongod --help for help and startup options
Thu Oct 27 00:35:39 [initandlisten] MongoDB starting : pid=14701 port=27017 dbpath=/data/db/ 64-bit host=dev-cure-platform
Thu Oct 27 00:35:39 [initandlisten] db version v2.0.1, pdfile version 4.5
Thu Oct 27 00:35:39 [initandlisten] git version: 3a5cf0e2134a830d38d2d1aae7e88cac31bdd684
Thu Oct 27 00:35:39 [initandlisten] build info: Linux bs-linux64.10gen.cc 2.6.21.7-2.ec2.v1.2.fc8xen #1 SMP Fri Nov 20 17:48:28 EST 2009 x86_64 BOOST_LIB_VERSION=1_41
Thu Oct 27 00:35:39 [initandlisten] options: {}
Thu Oct 27 00:35:39 [initandlisten] exception in initAndListen: 10296 dbpath (/data/db/) does not exist, terminating
Thu Oct 27 00:35:39 dbexit: 
Thu Oct 27 00:35:39 [initandlisten] shutdown: going to close listening sockets...
Thu Oct 27 00:35:39 [initandlisten] shutdown: going to flush diaglog...
Thu Oct 27 00:35:39 [initandlisten] shutdown: going to close sockets...
Thu Oct 27 00:35:39 [initandlisten] shutdown: waiting for fs preallocator...
Thu Oct 27 00:35:39 [initandlisten] shutdown: lock for final commit...
Thu Oct 27 00:35:39 [initandlisten] shutdown: final commit...
Thu Oct 27 00:35:39 [initandlisten] shutdown: closing all files...
Thu Oct 27 00:35:39 [initandlisten] closeAllFiles() finished
Thu Oct 27 00:35:39 dbexit: really exiting now
mongod --help for help and startup options
Thu Oct 27 00:45:40 [initandlisten] MongoDB starting : pid=14903 port=27017 dbpath=/data/db/ 64-bit host=dev-cure-platform
Thu Oct 27 00:45:40 [initandlisten] db version v2.0.1, pdfile version 4.5
Thu Oct 27 00:45:40 [initandlisten] git version: 3a5cf0e2134a830d38d2d1aae7e88cac31bdd684
Thu Oct 27 00:45:40 [initandlisten] build info: Linux bs-linux64.10gen.cc 2.6.21.7-2.ec2.v1.2.fc8xen #1 SMP Fri Nov 20 17:48:28 EST 2009 x86_64 BOOST_LIB_VERSION=1_41
Thu Oct 27 00:45:40 [initandlisten] options: {}
Thu Oct 27 00:45:40 [initandlisten] exception in initAndListen: 10296 dbpath (/data/db/) does not exist, terminating
Thu Oct 27 00:45:40 dbexit: 
Thu Oct 27 00:45:40 [initandlisten] shutdown: going to close listening sockets...
Thu Oct 27 00:45:40 [initandlisten] shutdown: going to flush diaglog...
Thu Oct 27 00:45:40 [initandlisten] shutdown: going to close sockets...
Thu Oct 27 00:45:40 [initandlisten] shutdown: waiting for fs preallocator...
Thu Oct 27 00:45:40 [initandlisten] shutdown: lock for final commit...
Thu Oct 27 00:45:40 [initandlisten] shutdown: final commit...
Thu Oct 27 00:45:40 [initandlisten] shutdown: closing all files...
Thu Oct 27 00:45:40 [initandlisten] closeAllFiles() finished
Thu Oct 27 00:45:40 dbexit: really exiting now
mongod --help for help and startup options
Thu Oct 27 00:46:30 [initandlisten] MongoDB starting : pid=14940 port=27017 dbpath=/data/db/ 64-bit host=dev-cure-platform
Thu Oct 27 00:46:30 [initandlisten] db version v2.0.1, pdfile version 4.5
Thu Oct 27 00:46:30 [initandlisten] git version: 3a5cf0e2134a830d38d2d1aae7e88cac31bdd684
Thu Oct 27 00:46:30 [initandlisten] build info: Linux bs-linux64.10gen.cc 2.6.21.7-2.ec2.v1.2.fc8xen #1 SMP Fri Nov 20 17:48:28 EST 2009 x86_64 BOOST_LIB_VERSION=1_41
Thu Oct 27 00:46:30 [initandlisten] options: {}
Thu Oct 27 00:46:30 [initandlisten] exception in initAndListen: 10296 dbpath (/data/db/) does not exist, terminating
Thu Oct 27 00:46:30 dbexit: 
Thu Oct 27 00:46:30 [initandlisten] shutdown: going to close listening sockets...
Thu Oct 27 00:46:30 [initandlisten] shutdown: going to flush diaglog...
Thu Oct 27 00:46:30 [initandlisten] shutdown: going to close sockets...
Thu Oct 27 00:46:30 [initandlisten] shutdown: waiting for fs preallocator...
Thu Oct 27 00:46:30 [initandlisten] shutdown: lock for final commit...
Thu Oct 27 00:46:30 [initandlisten] shutdown: final commit...
Thu Oct 27 00:46:30 [initandlisten] shutdown: closing all files...
Thu Oct 27 00:46:30 [initandlisten] closeAllFiles() finished
Thu Oct 27 00:46:30 dbexit: really exiting now
mongod --help for help and startup options
Thu Oct 27 00:47:35 [initandlisten] MongoDB starting : pid=14983 port=27017 dbpath=/data/db/ 64-bit host=dev-cure-platform
Thu Oct 27 00:47:35 [initandlisten] db version v2.0.1, pdfile version 4.5
Thu Oct 27 00:47:35 [initandlisten] git version: 3a5cf0e2134a830d38d2d1aae7e88cac31bdd684
Thu Oct 27 00:47:35 [initandlisten] build info: Linux bs-linux64.10gen.cc 2.6.21.7-2.ec2.v1.2.fc8xen #1 SMP Fri Nov 20 17:48:28 EST 2009 x86_64 BOOST_LIB_VERSION=1_41
Thu Oct 27 00:47:35 [initandlisten] options: {}
Thu Oct 27 00:47:35 [initandlisten] exception in initAndListen: 10296 dbpath (/data/db/) does not exist, terminating
Thu Oct 27 00:47:35 dbexit: 
Thu Oct 27 00:47:35 [initandlisten] shutdown: going to close listening sockets...
Thu Oct 27 00:47:35 [initandlisten] shutdown: going to flush diaglog...
Thu Oct 27 00:47:35 [initandlisten] shutdown: going to close sockets...
Thu Oct 27 00:47:35 [initandlisten] shutdown: waiting for fs preallocator...
Thu Oct 27 00:47:35 [initandlisten] shutdown: lock for final commit...
Thu Oct 27 00:47:35 [initandlisten] shutdown: final commit...
Thu Oct 27 00:47:35 [initandlisten] shutdown: closing all files...
Thu Oct 27 00:47:35 [initandlisten] closeAllFiles() finished
Thu Oct 27 00:47:35 dbexit: really exiting now
mongod --help for help and startup options
Thu Oct 27 00:48:00 [initandlisten] MongoDB starting : pid=15010 port=27017 dbpath=/data/db/ 64-bit host=dev-cure-platform
Thu Oct 27 00:48:00 [initandlisten] db version v2.0.1, pdfile version 4.5
Thu Oct 27 00:48:00 [initandlisten] git version: 3a5cf0e2134a830d38d2d1aae7e88cac31bdd684
Thu Oct 27 00:48:00 [initandlisten] build info: Linux bs-linux64.10gen.cc 2.6.21.7-2.ec2.v1.2.fc8xen #1 SMP Fri Nov 20 17:48:28 EST 2009 x86_64 BOOST_LIB_VERSION=1_41
Thu Oct 27 00:48:00 [initandlisten] options: {}
Thu Oct 27 00:48:00 [initandlisten] exception in initAndListen: 10296 dbpath (/data/db/) does not exist, terminating
Thu Oct 27 00:48:00 dbexit: 
Thu Oct 27 00:48:00 [initandlisten] shutdown: going to close listening sockets...
Thu Oct 27 00:48:00 [initandlisten] shutdown: going to flush diaglog...
Thu Oct 27 00:48:00 [initandlisten] shutdown: going to close sockets...
Thu Oct 27 00:48:00 [initandlisten] shutdown: waiting for fs preallocator...
Thu Oct 27 00:48:00 [initandlisten] shutdown: lock for final commit...
Thu Oct 27 00:48:00 [initandlisten] shutdown: final commit...
Thu Oct 27 00:48:00 [initandlisten] shutdown: closing all files...
Thu Oct 27 00:48:00 [initandlisten] closeAllFiles() finished
Thu Oct 27 00:48:00 dbexit: really exiting now
mongod --help for help and startup options
Thu Oct 27 00:53:56 [initandlisten] MongoDB starting : pid=15134 port=27017 dbpath=/data/db/ 64-bit host=dev-cure-platform
Thu Oct 27 00:53:56 [initandlisten] db version v2.0.1, pdfile version 4.5
Thu Oct 27 00:53:56 [initandlisten] git version: 3a5cf0e2134a830d38d2d1aae7e88cac31bdd684
Thu Oct 27 00:53:56 [initandlisten] build info: Linux bs-linux64.10gen.cc 2.6.21.7-2.ec2.v1.2.fc8xen #1 SMP Fri Nov 20 17:48:28 EST 2009 x86_64 BOOST_LIB_VERSION=1_41
Thu Oct 27 00:53:56 [initandlisten] options: {}
Thu Oct 27 00:53:56 [initandlisten] exception in initAndListen: 10296 dbpath (/data/db/) does not exist, terminating
Thu Oct 27 00:53:56 dbexit: 
Thu Oct 27 00:53:56 [initandlisten] shutdown: going to close listening sockets...
Thu Oct 27 00:53:56 [initandlisten] shutdown: going to flush diaglog...
Thu Oct 27 00:53:56 [initandlisten] shutdown: going to close sockets...
Thu Oct 27 00:53:56 [initandlisten] shutdown: waiting for fs preallocator...
Thu Oct 27 00:53:56 [initandlisten] shutdown: lock for final commit...
Thu Oct 27 00:53:56 [initandlisten] shutdown: final commit...
Thu Oct 27 00:53:56 [initandlisten] shutdown: closing all files...
Thu Oct 27 00:53:56 [initandlisten] closeAllFiles() finished
Thu Oct 27 00:53:56 dbexit: really exiting now
